  main.cpp
F:\QuanLiSinhVien_1\QuanLiSinhVien_1\lib.h(132,11): warning C4309:  'initializing': truncation of constant value
F:\QuanLiSinhVien_1\QuanLiSinhVien_1\lib.h(132,20): warning C4309:  'initializing': truncation of constant value
F:\QuanLiSinhVien_1\QuanLiSinhVien_1\lib.h(132,29): warning C4309:  'initializing': truncation of constant value
F:\QuanLiSinhVien_1\QuanLiSinhVien_1\lib.h(132,38): warning C4309:  'initializing': truncation of constant value
F:\QuanLiSinhVien_1\QuanLiSinhVien_1\lib.h(132,47): warning C4309:  'initializing': truncation of constant value
F:\QuanLiSinhVien_1\QuanLiSinhVien_1\lib.h(132,56): warning C4309:  'initializing': truncation of constant value
F:\QuanLiSinhVien_1\QuanLiSinhVien_1\lib.h(253,31): warning C4267:  'argument': conversion from 'size_t' to 'int', possible loss of data
F:\QuanLiSinhVien_1\QuanLiSinhVien_1\lib.h(272,38): warning C4267:  'argument': conversion from 'size_t' to 'int', possible loss of data
F:\QuanLiSinhVien_1\QuanLiSinhVien_1\lib.h(608,27): warning C4267:  'initializing': conversion from 'size_t' to 'int', possible loss of data
F:\QuanLiSinhVien_1\QuanLiSinhVien_1\lib.h(612,47): warning C4244:  '+=': conversion from 'double' to 'int', possible loss of data
F:\QuanLiSinhVien_1\QuanLiSinhVien_1\lib.h(714,27): warning C4267:  'initializing': conversion from 'size_t' to 'int', possible loss of data
F:\QuanLiSinhVien_1\QuanLiSinhVien_1\lib.h(727,27): warning C4267:  'initializing': conversion from 'size_t' to 'int', possible loss of data
F:\QuanLiSinhVien_1\QuanLiSinhVien_1\lib.h(784,7): warning C4101:  'KT': unreferenced local variable
F:\QuanLiSinhVien_1\QuanLiSinhVien_1\lib.h(870,7): warning C4101:  'KT': unreferenced local variable
F:\QuanLiSinhVien_1\QuanLiSinhVien_1\lib.h(951,7): warning C4101:  'KT': unreferenced local variable
F:\QuanLiSinhVien_1\QuanLiSinhVien_1\lib.h(1053,7): warning C4101:  'KT': unreferenced local variable
F:\QuanLiSinhVien_1\QuanLiSinhVien_1\lib.h(1227,25): warning C4267:  'initializing': conversion from 'size_t' to 'int', possible loss of data
F:\QuanLiSinhVien_1\QuanLiSinhVien_1\lib.h(1252,16): warning C4244:  'return': conversion from 'double' to 'float', possible loss of data
F:\QuanLiSinhVien_1\QuanLiSinhVien_1\lib.h(1262,7): warning C4101:  'KT': unreferenced local variable
F:\QuanLiSinhVien_1\QuanLiSinhVien_1\lib.h(1379,7): warning C4101:  'KT': unreferenced local variable
F:\QuanLiSinhVien_1\QuanLiSinhVien_1\lib.h(1502,7): warning C4101:  'KT': unreferenced local variable
F:\QuanLiSinhVien_1\QuanLiSinhVien_1\lib.h(1606,7): warning C4101:  'KT': unreferenced local variable
F:\QuanLiSinhVien_1\QuanLiSinhVien_1\lib.h(1708,7): warning C4101:  'KT': unreferenced local variable
F:\QuanLiSinhVien_1\QuanLiSinhVien_1\validation.h(27,29): warning C4267:  'initializing': conversion from 'size_t' to 'int', possible loss of data
F:\QuanLiSinhVien_1\QuanLiSinhVien_1\validation.h(88,29): warning C4267:  'initializing': conversion from 'size_t' to 'int', possible loss of data
F:\QuanLiSinhVien_1\QuanLiSinhVien_1\validation.h(127,29): warning C4267:  'initializing': conversion from 'size_t' to 'int', possible loss of data
F:\QuanLiSinhVien_1\QuanLiSinhVien_1\validation.h(196,29): warning C4267:  'initializing': conversion from 'size_t' to 'int', possible loss of data
F:\QuanLiSinhVien_1\QuanLiSinhVien_1\validation.h(336,24): warning C4267:  'initializing': conversion from 'size_t' to 'int', possible loss of data
F:\QuanLiSinhVien_1\QuanLiSinhVien_1\subject.h(323,10): warning C4551:  function call missing argument list
  QuanLiSinhVien_1.vcxproj -> F:\QuanLiSinhVien_1\x64\Debug\QuanLiSinhVien_1.exe
